<?xml version="1.0" encoding="UTF-8"?>
<!-- Generated by org.testng.reporters.JUnitXMLReporter -->
<testsuite ignored="3" hostname="shirazum" failures="0" tests="1" name="Default test" time="9.189" errors="0" timestamp="2024-02-25T17:41:46 EST">
  <testcase classname="pages.HomePageTest" name="inputTextInZipCodeField" time="4.212"/>
  <testcase classname="pages.HomePageTest" name="clickZipCodeField" time="0.0">
    <ignored/>
  </testcase> <!-- clickZipCodeField -->
  <testcase classname="pages.HomePageTest" name="clickSearchFieldTest" time="0.0">
    <ignored/>
  </testcase> <!-- clickSearchFieldTest -->
  <testcase classname="pages.HomePageTest" name="logoField" time="0.0">
    <ignored/>
  </testcase> <!-- logoField -->
</testsuite> <!-- Default test -->
